0 info it worked if it ends with ok
1 verbose cli [ '/usr/bin/node', '/usr/bin/npm', 'start' ]
2 info using npm@2.15.1
3 info using node@v0.10.48
4 verbose node symlink /usr/bin/node
5 verbose config Skipping project config: /home/leapadmin/.npmrc. (matches userconfig)
6 verbose run-script [ 'prestart', 'start', 'poststart' ]
7 info prestart leapadmin@1.0.0
8 info start leapadmin@1.0.0
9 verbose unsafe-perm in lifecycle true
10 info leapadmin@1.0.0 Failed to exec start script
11 verbose stack Error: leapadmin@1.0.0 start: `node server.js`
11 verbose stack Exit status 8
11 verbose stack     at EventEmitter.<anonymous> (/usr/lib/node_modules/npm/lib/utils/lifecycle.js:217:16)
11 verbose stack     at EventEmitter.emit (events.js:98:17)
11 verbose stack     at ChildProcess.<anonymous> (/usr/lib/node_modules/npm/lib/utils/spawn.js:24:14)
11 verbose stack     at ChildProcess.emit (events.js:98:17)
11 verbose stack     at maybeClose (child_process.js:766:16)
11 verbose stack     at Process.ChildProcess._handle.onexit (child_process.js:833:5)
12 verbose pkgid leapadmin@1.0.0
13 verbose cwd /home/leapadmin
14 error Linux 3.13.0-100-generic
15 error argv "/usr/bin/node" "/usr/bin/npm" "start"
16 error node v0.10.48
17 error npm  v2.15.1
18 error code ELIFECYCLE
19 error leapadmin@1.0.0 start: `node server.js`
19 error Exit status 8
20 error Failed at the leapadmin@1.0.0 start script 'node server.js'.
20 error This is most likely a problem with the leapadmin package,
20 error not with npm itself.
20 error Tell the author that this fails on your system:
20 error     node server.js
20 error You can get information on how to open an issue for this project with:
20 error     npm bugs leapadmin
20 error Or if that isn't available, you can get their info via:
20 error
20 error     npm owner ls leapadmin
20 error There is likely additional logging output above.
21 verbose exit [ 1, true ]
